This is pdfTeX, Version 3.141592653-2.6-1.40.25 (TeX Live 2023) (preloaded format=pdflatex 2024.1.9)  3 AUG 2024 11:19
entering extended mode
 restricted \write18 enabled.
 %&-line parsing enabled.
**SaVR.tex
(./SaVR.tex
LaTeX2e <2022-11-01> patch level 1
L3 programming layer <2023-02-22> (./IEEEtran.cls
Document Class: IEEEtran 2015/08/26 V1.8b by Michael Shell
-- See the "IEEEtran_HOWTO" manual for usage information.
-- http://www.michaelshell.org/tex/ieeetran/
\@IEEEtrantmpdimenA=\dimen140
\@IEEEtrantmpdimenB=\dimen141
\@IEEEtrantmpdimenC=\dimen142
\@IEEEtrantmpcountA=\count185
\@IEEEtrantmpcountB=\count186
\@IEEEtrantmpcountC=\count187
\@IEEEtrantmptoksA=\toks16
LaTeX Font Info:    Trying to load font information for OT1+ptm on input line 5
04.
(c:/texlive/2023/texmf-dist/tex/latex/psnfss/ot1ptm.fd
File: ot1ptm.fd 2001/06/04 font definitions for OT1/ptm.
)
-- Using 8.5in x 11in (letter) paper.
-- Using PDF output.
\@IEEEnormalsizeunitybaselineskip=\dimen143
-- This is a 10 point document.
\CLASSINFOnormalsizebaselineskip=\dimen144
\CLASSINFOnormalsizeunitybaselineskip=\dimen145
\IEEEnormaljot=\dimen146
LaTeX Font Info:    Font shape `OT1/ptm/bx/n' in size <5> not available
(Font)              Font shape `OT1/ptm/b/n' tried instead on input line 1091.
LaTeX Font Info:    Font shape `OT1/ptm/bx/it' in size <5> not available
(Font)              Font shape `OT1/ptm/b/it' tried instead on input line 1091.

LaTeX Font Info:    Font shape `OT1/ptm/bx/n' in size <7> not available
(Font)              Font shape `OT1/ptm/b/n' tried instead on input line 1091.
LaTeX Font Info:    Font shape `OT1/ptm/bx/it' in size <7> not available
(Font)              Font shape `OT1/ptm/b/it' tried instead on input line 1091.

LaTeX Font Info:    Font shape `OT1/ptm/bx/n' in size <8> not available
(Font)              Font shape `OT1/ptm/b/n' tried instead on input line 1091.
LaTeX Font Info:    Font shape `OT1/ptm/bx/it' in size <8> not available
(Font)              Font shape `OT1/ptm/b/it' tried instead on input line 1091.

LaTeX Font Info:    Font shape `OT1/ptm/bx/n' in size <9> not available
(Font)              Font shape `OT1/ptm/b/n' tried instead on input line 1091.
LaTeX Font Info:    Font shape `OT1/ptm/bx/it' in size <9> not available
(Font)              Font shape `OT1/ptm/b/it' tried instead on input line 1091.

LaTeX Font Info:    Font shape `OT1/ptm/bx/n' in size <10> not available
(Font)              Font shape `OT1/ptm/b/n' tried instead on input line 1091.
LaTeX Font Info:    Font shape `OT1/ptm/bx/it' in size <10> not available
(Font)              Font shape `OT1/ptm/b/it' tried instead on input line 1091.

LaTeX Font Info:    Font shape `OT1/ptm/bx/n' in size <11> not available
(Font)              Font shape `OT1/ptm/b/n' tried instead on input line 1091.
LaTeX Font Info:    Font shape `OT1/ptm/bx/it' in size <11> not available
(Font)              Font shape `OT1/ptm/b/it' tried instead on input line 1091.

LaTeX Font Info:    Font shape `OT1/ptm/bx/n' in size <12> not available
(Font)              Font shape `OT1/ptm/b/n' tried instead on input line 1091.
LaTeX Font Info:    Font shape `OT1/ptm/bx/it' in size <12> not available
(Font)              Font shape `OT1/ptm/b/it' tried instead on input line 1091.

LaTeX Font Info:    Font shape `OT1/ptm/bx/n' in size <17> not available
(Font)              Font shape `OT1/ptm/b/n' tried instead on input line 1091.
LaTeX Font Info:    Font shape `OT1/ptm/bx/it' in size <17> not available
(Font)              Font shape `OT1/ptm/b/it' tried instead on input line 1091.

LaTeX Font Info:    Font shape `OT1/ptm/bx/n' in size <20> not available
(Font)              Font shape `OT1/ptm/b/n' tried instead on input line 1091.
LaTeX Font Info:    Font shape `OT1/ptm/bx/it' in size <20> not available
(Font)              Font shape `OT1/ptm/b/it' tried instead on input line 1091.

LaTeX Font Info:    Font shape `OT1/ptm/bx/n' in size <24> not available
(Font)              Font shape `OT1/ptm/b/n' tried instead on input line 1091.
LaTeX Font Info:    Font shape `OT1/ptm/bx/it' in size <24> not available
(Font)              Font shape `OT1/ptm/b/it' tried instead on input line 1091.

\IEEEquantizedlength=\dimen147
\IEEEquantizedlengthdiff=\dimen148
\IEEEquantizedtextheightdiff=\dimen149
\IEEEilabelindentA=\dimen150
\IEEEilabelindentB=\dimen151
\IEEEilabelindent=\dimen152
\IEEEelabelindent=\dimen153
\IEEEdlabelindent=\dimen154
\IEEElabelindent=\dimen155
\IEEEiednormlabelsep=\dimen156
\IEEEiedmathlabelsep=\dimen157
\IEEEiedtopsep=\skip48
\c@section=\count188
\c@subsection=\count189
\c@subsubsection=\count190
\c@paragraph=\count191
\c@IEEEsubequation=\count192
\abovecaptionskip=\skip49
\belowcaptionskip=\skip50
\c@figure=\count193
\c@table=\count194
\@IEEEeqnnumcols=\count195
\@IEEEeqncolcnt=\count196
\@IEEEsubeqnnumrollback=\count197
\@IEEEquantizeheightA=\dimen158
\@IEEEquantizeheightB=\dimen159
\@IEEEquantizeheightC=\dimen160
\@IEEEquantizeprevdepth=\dimen161
\@IEEEquantizemultiple=\count198
\@IEEEquantizeboxA=\box51
\@IEEEtmpitemindent=\dimen162
\IEEEPARstartletwidth=\dimen163
\c@IEEEbiography=\count199
\@IEEEtranrubishbin=\box52
) (c:/texlive/2023/texmf-dist/tex/latex/cite/cite.sty
LaTeX Info: Redefining \cite on input line 302.
LaTeX Info: Redefining \nocite on input line 332.
Package: cite 2015/02/27  v 5.5
)
(c:/texlive/2023/texmf-dist/tex/latex/amsmath/amsmath.sty
Package: amsmath 2022/04/08 v2.17n AMS math features
\@mathmargin=\skip51

For additional information on amsmath, use the `?' option.
(c:/texlive/2023/texmf-dist/tex/latex/amsmath/amstext.sty
Package: amstext 2021/08/26 v2.01 AMS text

(c:/texlive/2023/texmf-dist/tex/latex/amsmath/amsgen.sty
File: amsgen.sty 1999/11/30 v2.0 generic functions
\@emptytoks=\toks17
\ex@=\dimen164
))
(c:/texlive/2023/texmf-dist/tex/latex/amsmath/amsbsy.sty
Package: amsbsy 1999/11/29 v1.2d Bold Symbols
\pmbraise@=\dimen165
)
(c:/texlive/2023/texmf-dist/tex/latex/amsmath/amsopn.sty
Package: amsopn 2022/04/08 v2.04 operator names
)
\inf@bad=\count266
LaTeX Info: Redefining \frac on input line 234.
\uproot@=\count267
\leftroot@=\count268
LaTeX Info: Redefining \overline on input line 399.
LaTeX Info: Redefining \colon on input line 410.
\classnum@=\count269
\DOTSCASE@=\count270
LaTeX Info: Redefining \ldots on input line 496.
LaTeX Info: Redefining \dots on input line 499.
LaTeX Info: Redefining \cdots on input line 620.
\Mathstrutbox@=\box53
\strutbox@=\box54
LaTeX Info: Redefining \big on input line 722.
LaTeX Info: Redefining \Big on input line 723.
LaTeX Info: Redefining \bigg on input line 724.
LaTeX Info: Redefining \Bigg on input line 725.
\big@size=\dimen166
LaTeX Font Info:    Redeclaring font encoding OML on input line 743.
LaTeX Font Info:    Redeclaring font encoding OMS on input line 744.
\macc@depth=\count271
LaTeX Info: Redefining \bmod on input line 905.
LaTeX Info: Redefining \pmod on input line 910.
LaTeX Info: Redefining \smash on input line 940.
LaTeX Info: Redefining \relbar on input line 970.
LaTeX Info: Redefining \Relbar on input line 971.
\c@MaxMatrixCols=\count272
\dotsspace@=\muskip16
\c@parentequation=\count273
\dspbrk@lvl=\count274
\tag@help=\toks18
\row@=\count275
\column@=\count276
\maxfields@=\count277
\andhelp@=\toks19
\eqnshift@=\dimen167
\alignsep@=\dimen168
\tagshift@=\dimen169
\tagwidth@=\dimen170
\totwidth@=\dimen171
\lineht@=\dimen172
\@envbody=\toks20
\multlinegap=\skip52
\multlinetaggap=\skip53
\mathdisplay@stack=\toks21
LaTeX Info: Redefining \[ on input line 2953.
LaTeX Info: Redefining \] on input line 2954.
)
(c:/texlive/2023/texmf-dist/tex/latex/amsfonts/amssymb.sty
Package: amssymb 2013/01/14 v3.01 AMS font symbols

(c:/texlive/2023/texmf-dist/tex/latex/amsfonts/amsfonts.sty
Package: amsfonts 2013/01/14 v3.01 Basic AMSFonts support
\symAMSa=\mathgroup4
\symAMSb=\mathgroup5
LaTeX Font Info:    Redeclaring math symbol \hbar on input line 98.
LaTeX Font Info:    Overwriting math alphabet `\mathfrak' in version `bold'
(Font)                  U/euf/m/n --> U/euf/b/n on input line 106.
))
(c:/texlive/2023/texmf-dist/tex/latex/graphics/graphicx.sty
Package: graphicx 2021/09/16 v1.2d Enhanced LaTeX Graphics (DPC,SPQR)

(c:/texlive/2023/texmf-dist/tex/latex/graphics/keyval.sty
Package: keyval 2022/05/29 v1.15 key=value parser (DPC)
\KV@toks@=\toks22
)
(c:/texlive/2023/texmf-dist/tex/latex/graphics/graphics.sty
Package: graphics 2022/03/10 v1.4e Standard LaTeX Graphics (DPC,SPQR)

(c:/texlive/2023/texmf-dist/tex/latex/graphics/trig.sty
Package: trig 2021/08/11 v1.11 sin cos tan (DPC)
)
(c:/texlive/2023/texmf-dist/tex/latex/graphics-cfg/graphics.cfg
File: graphics.cfg 2016/06/04 v1.11 sample graphics configuration
)
Package graphics Info: Driver file: pdftex.def on input line 107.

(c:/texlive/2023/texmf-dist/tex/latex/graphics-def/pdftex.def
File: pdftex.def 2022/09/22 v1.2b Graphics/color driver for pdftex
))
\Gin@req@height=\dimen173
\Gin@req@width=\dimen174
)
(c:/texlive/2023/texmf-dist/tex/latex/acronym/acronym.sty
Package: acronym 2020/04/17 v1.47 Support for acronyms (Tobias Oetiker)

(c:/texlive/2023/texmf-dist/tex/latex/bigfoot/suffix.sty
Package: suffix 2006/07/15 1.5a Variant command support
)
(c:/texlive/2023/texmf-dist/tex/generic/xstring/xstring.sty
(c:/texlive/2023/texmf-dist/tex/generic/xstring/xstring.tex
\integerpart=\count278
\decimalpart=\count279
)
Package: xstring 2023/01/14 v1.85 String manipulations (CT)
)
\AC@clearlist=\toks23
)
(c:/texlive/2023/texmf-dist/tex/latex/multirow/multirow.sty
Package: multirow 2021/03/15 v2.8 Span multiple rows of a table
\multirow@colwidth=\skip54
\multirow@cntb=\count280
\multirow@dima=\skip55
\bigstrutjot=\dimen175
)
(c:/texlive/2023/texmf-dist/tex/latex/graphics/lscape.sty
Package: lscape 2020/05/28 v3.02 Landscape Pages (DPC)
)
(c:/texlive/2023/texmf-dist/tex/latex/tools/longtable.sty
Package: longtable 2021-09-01 v4.17 Multi-page Table package (DPC)
\LTleft=\skip56
\LTright=\skip57
\LTpre=\skip58
\LTpost=\skip59
\LTchunksize=\count281
\LTcapwidth=\dimen176
\LT@head=\box55
\LT@firsthead=\box56
\LT@foot=\box57
\LT@lastfoot=\box58
\LT@gbox=\box59
\LT@cols=\count282
\LT@rows=\count283
\c@LT@tables=\count284
\c@LT@chunks=\count285
\LT@p@ftn=\toks24
)
(c:/texlive/2023/texmf-dist/tex/latex/gensymb/gensymb.sty
Package: gensymb 2022/10/17 v1.0.2 (KJH)
)
(c:/texlive/2023/texmf-dist/tex/latex/booktabs/booktabs.sty
Package: booktabs 2020/01/12 v1.61803398 Publication quality tables
\heavyrulewidth=\dimen177
\lightrulewidth=\dimen178
\cmidrulewidth=\dimen179
\belowrulesep=\dimen180
\belowbottomsep=\dimen181
\aboverulesep=\dimen182
\abovetopsep=\dimen183
\cmidrulesep=\dimen184
\cmidrulekern=\dimen185
\defaultaddspace=\dimen186
\@cmidla=\count286
\@cmidlb=\count287
\@aboverulesep=\dimen187
\@belowrulesep=\dimen188
\@thisruleclass=\count288
\@lastruleclass=\count289
\@thisrulewidth=\dimen189
)
(c:/texlive/2023/texmf-dist/tex/latex/xcolor/xcolor.sty
Package: xcolor 2022/06/12 v2.14 LaTeX color extensions (UK)

(c:/texlive/2023/texmf-dist/tex/latex/graphics-cfg/color.cfg
File: color.cfg 2016/01/02 v1.6 sample color configuration
)
Package xcolor Info: Driver file: pdftex.def on input line 227.

(c:/texlive/2023/texmf-dist/tex/latex/colortbl/colortbl.sty
Package: colortbl 2022/06/20 v1.0f Color table columns (DPC)

(c:/texlive/2023/texmf-dist/tex/latex/tools/array.sty
Package: array 2022/09/04 v2.5g Tabular extension package (FMi)
\col@sep=\dimen190
\ar@mcellbox=\box60
\extrarowheight=\dimen191
\NC@list=\toks25
\extratabsurround=\skip60
\backup@length=\skip61
\ar@cellbox=\box61
)
\everycr=\toks26
\minrowclearance=\skip62
\rownum=\count290
)
(c:/texlive/2023/texmf-dist/tex/latex/graphics/mathcolor.ltx)
Package xcolor Info: Model `cmy' substituted by `cmy0' on input line 1353.
Package xcolor Info: Model `hsb' substituted by `rgb' on input line 1357.
Package xcolor Info: Model `RGB' extended on input line 1369.
Package xcolor Info: Model `HTML' substituted by `rgb' on input line 1371.
Package xcolor Info: Model `Hsb' substituted by `hsb' on input line 1372.
Package xcolor Info: Model `tHsb' substituted by `hsb' on input line 1373.
Package xcolor Info: Model `HSB' substituted by `hsb' on input line 1374.
Package xcolor Info: Model `Gray' substituted by `gray' on input line 1375.
Package xcolor Info: Model `wave' substituted by `hsb' on input line 1376.
)
(c:/texlive/2023/texmf-dist/tex/latex/supertabular/supertabular.sty
Package: supertabular 2020/02/02 v4.1g the supertabular environment
\c@tracingst=\count291
\ST@wd=\dimen192
\ST@rightskip=\skip63
\ST@leftskip=\skip64
\ST@parfillskip=\skip65
\ST@pageleft=\dimen193
\ST@headht=\dimen194
\ST@tailht=\dimen195
\ST@pagesofar=\dimen196
\ST@pboxht=\dimen197
\ST@lineht=\dimen198
\ST@prevht=\dimen199
\ST@toadd=\dimen256
\ST@dimen=\dimen257
\ST@pbox=\box62
)
(c:/texlive/2023/texmf-dist/tex/latex/algorithmicx/algpseudocode.sty
Package: algpseudocode 

(c:/texlive/2023/texmf-dist/tex/latex/base/ifthen.sty
Package: ifthen 2022/04/13 v1.1d Standard LaTeX ifthen package (DPC)
)
(c:/texlive/2023/texmf-dist/tex/latex/algorithmicx/algorithmicx.sty
Package: algorithmicx 2005/04/27 v1.2 Algorithmicx

Document Style algorithmicx 1.2 - a greatly improved `algorithmic' style
\c@ALG@line=\count292
\c@ALG@rem=\count293
\c@ALG@nested=\count294
\ALG@tlm=\skip66
\ALG@thistlm=\skip67
\c@ALG@Lnr=\count295
\c@ALG@blocknr=\count296
\c@ALG@storecount=\count297
\c@ALG@tmpcounter=\count298
\ALG@tmplength=\skip68
)
Document Style - pseudocode environments for use with the `algorithmicx' style
) (c:/texlive/2023/texmf-dist/tex/latex/algorithms/algorithm.sty
Package: algorithm 2009/08/24 v0.1 Document Style `algorithm' - floating enviro
nment

(c:/texlive/2023/texmf-dist/tex/latex/float/float.sty
Package: float 2001/11/08 v1.3d Float enhancements (AL)
\c@float@type=\count299
\float@exts=\toks27
\float@box=\box63
\@float@everytoks=\toks28
\@floatcapt=\box64
)
\@float@every@algorithm=\toks29
\c@algorithm=\count300
)
(c:/texlive/2023/texmf-dist/tex/latex/mdwtools/mdwmath.sty
Package: mdwmath 1996/04/11 1.1 Nice mathematical things
\sq@sqrt=\count301
LaTeX Info: Redefining \sqrt on input line 84.
)
(c:/texlive/2023/texmf-dist/tex/latex/mdwtools/mdwtab.sty
Package: mdwtab 1998/04/28 1.9 Table typesetting with style
\tab@state=\count302
\tab@columns=\count303
\tab@preamble=\toks30
\tab@shortline=\toks31
\extrarowheight=\dimen258
\tabextrasep=\dimen259
\arrayextrasep=\dimen260
\smarraycolsep=\dimen261
\smarrayextrasep=\dimen262
\tab@width=\dimen263
\col@sep=\dimen264
\tab@endheight=\dimen265
\tab@leftskip=\skip69
\tab@rightskip=\skip70
\fn@notes=\box65
\fn@width=\dimen266
)
(c:/texlive/2023/texmf-dist/tex/latex/eqparbox/eqparbox.sty
Package: eqparbox 2017/09/03 v4.1 Create equal-widthed boxes
\eqp@tempdima=\skip71
\eqp@tempdimb=\skip72
\eqp@tabular@box=\box66
\eqp@list@box=\box67
\eqp@list@indent=\skip73

(c:/texlive/2023/texmf-dist/tex/latex/environ/environ.sty
Package: environ 2014/05/04 v0.3 A new way to define environments

(c:/texlive/2023/texmf-dist/tex/latex/trimspaces/trimspaces.sty
Package: trimspaces 2009/09/17 v1.1 Trim spaces around a token list
)))
(c:/texlive/2023/texmf-dist/tex/latex/subfig/subfig.sty
Package: subfig 2005/06/28 ver: 1.3 subfig package

(c:/texlive/2023/texmf-dist/tex/latex/caption/caption3.sty
Package: caption3 2023/03/12 v2.4 caption3 kernel (AR)
\caption@tempdima=\dimen267
\captionmargin=\dimen268
\caption@leftmargin=\dimen269
\caption@rightmargin=\dimen270
\caption@width=\dimen271
\caption@indent=\dimen272
\caption@parindent=\dimen273
\caption@hangindent=\dimen274
Package caption Info: Unknown document class (or package),
(caption)             standard defaults will be used.
Package caption Info: \@makecaption = \long macro:#1#2->\ifx \@captype \@IEEEta
blestring \footnotesize \bgroup \par \centering \@IEEEtabletopskipstrut {\norma
lfont \footnotesize #1}\\{\normalfont \footnotesize \scshape #2}\par \addvspace
 {0.5\baselineskip }\egroup \@IEEEtablecaptionsepspace \else \@IEEEfigurecaptio
nsepspace \setbox \@tempboxa \hbox {\normalfont \footnotesize {#1.}\nobreakspac
e \nobreakspace #2}\ifdim \wd \@tempboxa >\hsize \setbox \@tempboxa \hbox {\nor
malfont \footnotesize {#1.}\nobreakspace \nobreakspace }\parbox [t]{\hsize }{\n
ormalfont \footnotesize \noindent \unhbox \@tempboxa #2}\else \ifCLASSOPTIONcon
ference \hbox to\hsize {\normalfont \footnotesize \hfil \box \@tempboxa \hfil }
\else \hbox to\hsize {\normalfont \footnotesize \box \@tempboxa \hfil }\fi \fi 
\fi  on input line 1176.
)
\c@KVtest=\count304
\sf@farskip=\skip74
\sf@captopadj=\dimen275
\sf@capskip=\skip75
\sf@nearskip=\skip76
\c@subfigure=\count305
\c@subfigure@save=\count306
\c@lofdepth=\count307
\c@subtable=\count308
\c@subtable@save=\count309
\c@lotdepth=\count310
\sf@top=\skip77
\sf@bottom=\skip78
)
(c:/texlive/2023/texmf-dist/tex/latex/base/fixltx2e.sty
Package: fixltx2e 2016/12/29 v2.1a fixes to LaTeX (obsolete)
Applying: [2015/01/01] Old fixltx2e package on input line 46.


Package fixltx2e Warning: fixltx2e is not required with releases after 2015
(fixltx2e)                All fixes are now in the LaTeX kernel.
(fixltx2e)                See the latexrelease package for details.

Already applied: [0000/00/00] Old fixltx2e package on input line 53.
) (c:/texlive/2023/texmf-dist/tex/latex/threeparttable/threeparttable.sty
Package: threeparttable 2003/06/13  v 3.0
\@tempboxb=\box68
)
(c:/texlive/2023/texmf-dist/tex/latex/sttools/stfloats.sty
Package: stfloats 2017/03/27 v3.3 Improve float mechanism and baselineskip sett
ings
\@dblbotnum=\count311
\c@dblbotnumber=\count312
)
(c:/texlive/2023/texmf-dist/tex/latex/url/url.sty
\Urlmuskip=\muskip17
Package: url 2013/09/16  ver 3.4  Verb mode for urls, etc.
)
(c:/texlive/2023/texmf-dist/tex/generic/thumbpdf/thumbpdf.sty
Package: thumbpdf 2018/09/07 v3.17 Inclusion of thumbnails (HO)
THUMBPDF: Compressed PDF objects of PDF 1.5 are not supported
)
(c:/texlive/2023/texmf-dist/tex/latex/l3backend/l3backend-pdftex.def
File: l3backend-pdftex.def 2023-01-16 L3 backend support: PDF output (pdfTeX)
\l__color_backend_stack_int=\count313
\l__pdf_internal_box=\box69
)
(./SaVR.aux

LaTeX Warning: Label `fig 1' multiply defined.


LaTeX Warning: Label `fig 1' multiply defined.


LaTeX Warning: Label `fig 1' multiply defined.


LaTeX Warning: Label `fig 1' multiply defined.


LaTeX Warning: Label `fig 1' multiply defined.


LaTeX Warning: Label `fig 1' multiply defined.


LaTeX Warning: Label `fig 1' multiply defined.


LaTeX Warning: Label `fig 1' multiply defined.


LaTeX Warning: Label `tab:addlabel' multiply defined.


LaTeX Warning: Label `fig 1' multiply defined.


LaTeX Warning: Label `fig 1' multiply defined.


LaTeX Warning: Label `fig 1' multiply defined.


LaTeX Warning: Label `fig 1' multiply defined.


LaTeX Warning: Label `fig 1' multiply defined.

)
\openout1 = `SaVR.aux'.

LaTeX Font Info:    Checking defaults for OML/cmm/m/it on input line 489.
LaTeX Font Info:    ... okay on input line 489.
LaTeX Font Info:    Checking defaults for OMS/cmsy/m/n on input line 489.
LaTeX Font Info:    ... okay on input line 489.
LaTeX Font Info:    Checking defaults for OT1/cmr/m/n on input line 489.
LaTeX Font Info:    ... okay on input line 489.
LaTeX Font Info:    Checking defaults for T1/cmr/m/n on input line 489.
LaTeX Font Info:    ... okay on input line 489.
LaTeX Font Info:    Checking defaults for TS1/cmr/m/n on input line 489.
LaTeX Font Info:    ... okay on input line 489.
LaTeX Font Info:    Checking defaults for OMX/cmex/m/n on input line 489.
LaTeX Font Info:    ... okay on input line 489.
LaTeX Font Info:    Checking defaults for U/cmr/m/n on input line 489.
LaTeX Font Info:    ... okay on input line 489.

-- Lines per column: 58 (exact).
(c:/texlive/2023/texmf-dist/tex/context/base/mkii/supp-pdf.mkii
[Loading MPS to PDF converter (version 2006.09.02).]
\scratchcounter=\count314
\scratchdimen=\dimen276
\scratchbox=\box70
\nofMPsegments=\count315
\nofMParguments=\count316
\everyMPshowfont=\toks32
\MPscratchCnt=\count317
\MPscratchDim=\dimen277
\MPnumerator=\count318
\makeMPintoPDFobject=\count319
\everyMPtoPDFconversion=\toks33
) (c:/texlive/2023/texmf-dist/tex/latex/epstopdf-pkg/epstopdf-base.sty
Package: epstopdf-base 2020-01-24 v2.11 Base part for package epstopdf
Package epstopdf-base Info: Redefining graphics rule for `.eps' on input line 4
85.

(c:/texlive/2023/texmf-dist/tex/latex/latexconfig/epstopdf-sys.cfg
File: epstopdf-sys.cfg 2010/07/13 v1.3 Configuration of (r)epstopdf for TeX Liv
e
))
LaTeX Info: Redefining \celsius on input line 489.
Package gensymb Info: Faking symbols for \degree and \celsius on input line 489
.


Package gensymb Warning: Not defining \perthousand.

LaTeX Info: Redefining \ohm on input line 489.
Package gensymb Info: Using \Omega for \ohm on input line 489.

Package gensymb Warning: Not defining \micro.

Package caption Info: Begin \AtBeginDocument code.
Package caption Info: subfig package v1.3 is loaded.
Package caption Info: End \AtBeginDocument code.
LaTeX Font Info:    Trying to load font information for TS1+ptm on input line 6
18.
(c:/texlive/2023/texmf-dist/tex/latex/psnfss/ts1ptm.fd
File: ts1ptm.fd 2001/06/04 font definitions for TS1/ptm.
)

pdfTeX warning: pdflatex.exe (file ./fig 1.pdf): PDF inclusion: found PDF versi
on <1.7>, but at most version <1.5> allowed
<fig 1.pdf, id=1, 963.6pt x 542.025pt>
File: fig 1.pdf Graphic file (type pdf)
<use fig 1.pdf>
Package pdftex.def Info: fig 1.pdf  used on input line 623.
(pdftex.def)             Requested size: 516.0pt x 290.25757pt.
[1{c:/texlive/2023/texmf-var/fonts/map/pdftex/updmap/pdftex.map}{c:/texlive/202
3/texmf-dist/fonts/enc/dvips/base/8r.enc}


] [2 <./fig 1.pdf>]
LaTeX Font Info:    Trying to load font information for U+msa on input line 686
.

(c:/texlive/2023/texmf-dist/tex/latex/amsfonts/umsa.fd
File: umsa.fd 2013/01/14 v3.01 AMS symbols A
)
LaTeX Font Info:    Trying to load font information for U+msb on input line 686
.

(c:/texlive/2023/texmf-dist/tex/latex/amsfonts/umsb.fd
File: umsb.fd 2013/01/14 v3.01 AMS symbols B
) [3]
Underfull \vbox (badness 10000) has occurred while \output is active []

 [4]

pdfTeX warning: pdflatex.exe (file ./fig 2.pdf): PDF inclusion: found PDF versi
on <1.7>, but at most version <1.5> allowed
<fig 2.pdf, id=48, 995.82034pt x 853.53879pt>
File: fig 2.pdf Graphic file (type pdf)
<use fig 2.pdf>
Package pdftex.def Info: fig 2.pdf  used on input line 720.
(pdftex.def)             Requested size: 516.0pt x 442.26683pt.


pdfTeX warning: pdflatex.exe (file ./fig 3.pdf): PDF inclusion: found PDF versi
on <1.7>, but at most version <1.5> allowed
<fig 3.pdf, id=49, 1138.10191pt x 853.53879pt>
File: fig 3.pdf Graphic file (type pdf)
<use fig 3.pdf>
Package pdftex.def Info: fig 3.pdf  used on input line 742.
(pdftex.def)             Requested size: 516.0pt x 386.99324pt.
[5]
Underfull \vbox (badness 10000) has occurred while \output is active []


Underfull \vbox (badness 10000) has occurred while \output is active []

 [6 <./fig 2.pdf>]
Underfull \vbox (badness 10000) has occurred while \output is active []

<fig 4.png, id=88, 7772.03625pt x 4558.02875pt>
File: fig 4.png Graphic file (type png)
<use fig 4.png>
Package pdftex.def Info: fig 4.png  used on input line 765.
(pdftex.def)             Requested size: 516.0pt x 302.6113pt.
 [7 <./fig 3.pdf>]
Underfull \vbox (badness 10000) has occurred while \output is active []


Underfull \vbox (badness 10000) has occurred while \output is active []

 [8 <./fig 4.png>]
<fig 5.png, id=118, 3785.14125pt x 3752.0175pt>
File: fig 5.png Graphic file (type png)
<use fig 5.png>
Package pdftex.def Info: fig 5.png  used on input line 785.
(pdftex.def)             Requested size: 258.0pt x 255.74068pt.

Overfull \hbox (6.0pt too wide) in paragraph at lines 785--787
 [][] 
 []


Underfull \vbox (badness 3118) has occurred while \output is active []

 [9 <./fig 5.png>]

pdfTeX warning: pdflatex.exe (file ./fig 6.pdf): PDF inclusion: found PDF versi
on <1.7>, but at most version <1.5> allowed
<fig 6.pdf, id=123, 963.65018pt x 625.93848pt>
File: fig 6.pdf Graphic file (type pdf)
<use fig 6.pdf>
Package pdftex.def Info: fig 6.pdf  used on input line 804.
(pdftex.def)             Requested size: 516.0pt x 335.17464pt.

Underfull \vbox (badness 10000) has occurred while \output is active []

 [10 <./fig 6.pdf>]

pdfTeX warning: pdflatex.exe (file ./fig 7.pdf): PDF inclusion: found PDF versi
on <1.7>, but at most version <1.5> allowed
<fig 7.pdf, id=146, 963.65018pt x 625.93848pt>
File: fig 7.pdf Graphic file (type pdf)
<use fig 7.pdf>
Package pdftex.def Info: fig 7.pdf  used on input line 827.
(pdftex.def)             Requested size: 516.0pt x 335.17464pt.
[11]
Underfull \vbox (badness 10000) has occurred while \output is active []



pdfTeX warning: pdflatex.exe (file ./fig 8.pdf): PDF inclusion: found PDF versi
on <1.7>, but at most version <1.5> allowed
<fig 8.pdf, id=150, 963.65018pt x 625.93848pt>
File: fig 8.pdf Graphic file (type pdf)
<use fig 8.pdf>
Package pdftex.def Info: fig 8.pdf  used on input line 845.
(pdftex.def)             Requested size: 516.0pt x 335.17464pt.
[12 <./fig 7.pdf>]

pdfTeX warning: pdflatex.exe (file ./fig 9.pdf): PDF inclusion: found PDF versi
on <1.7>, but at most version <1.5> allowed
<fig 9.pdf, id=209, 963.65018pt x 625.93848pt>
File: fig 9.pdf Graphic file (type pdf)
<use fig 9.pdf>
Package pdftex.def Info: fig 9.pdf  used on input line 864.
(pdftex.def)             Requested size: 516.0pt x 335.17464pt.
[13 <./fig 8.pdf>] [14 <./fig 9.pdf>]

pdfTeX warning: pdflatex.exe (file ./fig 10.pdf): PDF inclusion: found PDF vers
ion <1.7>, but at most version <1.5> allowed
<fig 10.pdf, id=276, 963.6pt x 542.025pt>
File: fig 10.pdf Graphic file (type pdf)
<use fig 10.pdf>
Package pdftex.def Info: fig 10.pdf  used on input line 940.
(pdftex.def)             Requested size: 516.0pt x 290.25757pt.
[15]

pdfTeX warning: pdflatex.exe (file ./fig 11.pdf): PDF inclusion: found PDF vers
ion <1.7>, but at most version <1.5> allowed
<fig 11.pdf, id=280, 963.6pt x 542.025pt>
File: fig 11.pdf Graphic file (type pdf)
<use fig 11.pdf>
Package pdftex.def Info: fig 11.pdf  used on input line 966.
(pdftex.def)             Requested size: 516.0pt x 290.25757pt.
<fig 12.png, id=281, 5661.15pt x 2473.24pt>
File: fig 12.png Graphic file (type png)
<use fig 12.png>
Package pdftex.def Info: fig 12.png  used on input line 976.
(pdftex.def)             Requested size: 516.0pt x 225.41238pt.
[16 <./fig 10.pdf>]

pdfTeX warning: pdflatex.exe (file ./fig 13.pdf): PDF inclusion: found PDF vers
ion <1.7>, but at most version <1.5> allowed
<fig 13.pdf, id=309, 963.6pt x 542.025pt>
File: fig 13.pdf Graphic file (type pdf)
<use fig 13.pdf>
Package pdftex.def Info: fig 13.pdf  used on input line 1000.
(pdftex.def)             Requested size: 516.0pt x 290.25757pt.

Underfull \vbox (badness 3281) has occurred while \output is active []

 [17 <./fig 11.pdf>]
Underfull \vbox (badness 2343) has occurred while \output is active []

 [18 <./fig 12.png>]

pdfTeX warning: pdflatex.exe (file ./fig 14.pdf): PDF inclusion: found PDF vers
ion <1.7>, but at most version <1.5> allowed
<fig 14.pdf, id=341, 963.6pt x 542.025pt>
File: fig 14.pdf Graphic file (type pdf)
<use fig 14.pdf>
Package pdftex.def Info: fig 14.pdf  used on input line 1025.
(pdftex.def)             Requested size: 516.0pt x 290.25757pt.
[19 <./fig 13.pdf>] [20 <./fig 14.pdf>]
Underfull \hbox (badness 5578) in paragraph at lines 1060--1061
\OT1/ptm/m/n/10 Key Tech-ni-cal In-no-va-tion Projects of Chongqing Ar-
 []


Underfull \hbox (badness 3058) in paragraph at lines 1060--1061
\OT1/ptm/m/n/10 ti-fi-cial In-tel-li-gent Tech-nol-ogy (Grant No. cstc2017rgzn-

 []


Underfull \hbox (badness 1681) in paragraph at lines 1060--1061
\OT1/ptm/m/n/10 zdyfX0039), Chongqing So-cial Sci-ence Plan-ning Project
 []

(./SaVR.bbl
Underfull \hbox (badness 3872) in paragraph at lines 121--123
\OT1/ptm/m/n/8 ti-mal speed and ac-cu-racy of ob-ject de-tec-tion,'' \OT1/ptm/m
/it/8 arXiv preprint
 []

[21] [22])
<kewang.jpg, id=407, 1053.9375pt x 1505.625pt>
File: kewang.jpg Graphic file (type jpg)
<use kewang.jpg>
Package pdftex.def Info: kewang.jpg  used on input line 1114.
(pdftex.def)             Requested size: 64.74521pt x 92.49315pt.
File: kewang.jpg Graphic file (type jpg)
<use kewang.jpg>
Package pdftex.def Info: kewang.jpg  used on input line 1114.
(pdftex.def)             Requested size: 64.74521pt x 92.49315pt.
<chen.jpg, id=410, 361.35pt x 481.8pt>
File: chen.jpg Graphic file (type jpg)
<use chen.jpg>
Package pdftex.def Info: chen.jpg  used on input line 1116.
(pdftex.def)             Requested size: 72.26999pt x 96.35829pt.
File: chen.jpg Graphic file (type jpg)
<use chen.jpg>
Package pdftex.def Info: chen.jpg  used on input line 1116.
(pdftex.def)             Requested size: 72.26999pt x 96.35829pt.
<li.jpg, id=413, 231.86626pt x 326.72063pt>
File: li.jpg Graphic file (type jpg)
<use li.jpg>
Package pdftex.def Info: li.jpg  used on input line 1118.
(pdftex.def)             Requested size: 72.26999pt x 101.83571pt.
File: li.jpg Graphic file (type jpg)
<use li.jpg>
Package pdftex.def Info: li.jpg  used on input line 1118.
(pdftex.def)             Requested size: 72.26999pt x 101.83571pt.
 [23 <./kewang.jpg> <./chen.jpg> <./li.jpg>]
<jianboLu.jpg, id=422, 144.54pt x 144.54pt>
File: jianboLu.jpg Graphic file (type jpg)
<use jianboLu.jpg>
Package pdftex.def Info: jianboLu.jpg  used on input line 1123.
(pdftex.def)             Requested size: 72.2698pt x 72.2698pt.
File: jianboLu.jpg Graphic file (type jpg)
<use jianboLu.jpg>
Package pdftex.def Info: jianboLu.jpg  used on input line 1123.
(pdftex.def)             Requested size: 72.2698pt x 72.2698pt.
 [24

 <./jianboLu.jpg>]
(./SaVR.aux)

LaTeX Warning: There were multiply-defined labels.

 ) 
Here is how much of TeX's memory you used:
 7814 strings out of 476025
 127689 string characters out of 5794016
 1883382 words of memory out of 5000000
 28100 multiletter control sequences out of 15000+600000
 554039 words of font info for 105 fonts, out of 8000000 for 9000
 1144 hyphenation exceptions out of 8191
 57i,13n,63p,3354b,338s stack positions out of 10000i,1000n,20000p,200000b,200000s
<c:/texlive/2023/texmf-dist/fonts/type1/urw/times/utmb8a.pfb><c:/texlive/2023
/texmf-dist/fonts/type1/urw/times/utmbi8a.pfb><c:/texlive/2023/texmf-dist/fonts
/type1/urw/times/utmr8a.pfb><c:/texlive/2023/texmf-dist/fonts/type1/urw/times/u
tmri8a.pfb>
Output written on SaVR.pdf (24 pages, 44000305 bytes).
PDF statistics:
 449 PDF objects out of 1000 (max. 8388607)
 185 compressed objects within 2 object streams
 0 named destinations out of 1000 (max. 500000)
 139 words of extra memory for PDF output out of 10000 (max. 10000000)

